0 info it worked if it ends with ok
1 verbose cli [ 'node',
1 verbose cli   '/usr/local/bin/npm',
1 verbose cli   'install',
1 verbose cli   'angular-file-uploader' ]
2 info using npm@2.7.5
3 info using node@v0.12.2
4 silly cache add args [ 'angular-file-uploader', null ]
5 verbose cache add spec angular-file-uploader
6 silly cache add parsed spec { raw: 'angular-file-uploader',
6 silly cache add   scope: null,
6 silly cache add   name: 'angular-file-uploader',
6 silly cache add   rawSpec: '',
6 silly cache add   spec: '*',
6 silly cache add   type: 'range' }
7 verbose addNamed angular-file-uploader@*
8 silly addNamed semver.valid null
9 silly addNamed semver.validRange *
10 silly addNameRange { name: 'angular-file-uploader', range: '*', hasData: false }
11 silly mapToRegistry name angular-file-uploader
12 silly mapToRegistry using default registry
13 silly mapToRegistry registry https://registry.npmjs.org/
14 silly mapToRegistry uri https://registry.npmjs.org/angular-file-uploader
15 verbose addNameRange registry:https://registry.npmjs.org/angular-file-uploader not in flight; fetching
16 verbose request uri https://registry.npmjs.org/angular-file-uploader
17 verbose request no auth needed
18 info attempt registry request try #1 at 8:35:33 AM
19 verbose request id 89d10d89480191f4
20 http request GET https://registry.npmjs.org/angular-file-uploader
21 http 404 https://registry.npmjs.org/angular-file-uploader
22 verbose headers { server: 'CouchDB/1.5.0 (Erlang OTP/R16B03)',
22 verbose headers   'content-type': 'application/json',
22 verbose headers   'cache-control': 'max-age=0',
22 verbose headers   'content-length': '51',
22 verbose headers   'accept-ranges': 'bytes',
22 verbose headers   date: 'Sun, 26 Jul 2015 07:35:30 GMT',
22 verbose headers   via: '1.1 varnish',
22 verbose headers   age: '0',
22 verbose headers   connection: 'keep-alive',
22 verbose headers   'x-served-by': 'cache-ams4129-AMS',
22 verbose headers   'x-cache': 'MISS',
22 verbose headers   'x-cache-hits': '0',
22 verbose headers   'x-timer': 'S1437896129.415773,VS0,VE621' }
23 silly get cb [ 404,
23 silly get   { server: 'CouchDB/1.5.0 (Erlang OTP/R16B03)',
23 silly get     'content-type': 'application/json',
23 silly get     'cache-control': 'max-age=0',
23 silly get     'content-length': '51',
23 silly get     'accept-ranges': 'bytes',
23 silly get     date: 'Sun, 26 Jul 2015 07:35:30 GMT',
23 silly get     via: '1.1 varnish',
23 silly get     age: '0',
23 silly get     connection: 'keep-alive',
23 silly get     'x-served-by': 'cache-ams4129-AMS',
23 silly get     'x-cache': 'MISS',
23 silly get     'x-cache-hits': '0',
23 silly get     'x-timer': 'S1437896129.415773,VS0,VE621' } ]
24 verbose stack Error: 404 Not Found: angular-file-uploader
24 verbose stack     at CachingRegistryClient.<anonymous> (/usr/local/lib/node_modules/npm/node_modules/npm-registry-client/lib/request.js:245:14)
24 verbose stack     at Request._callback (/usr/local/lib/node_modules/npm/node_modules/npm-registry-client/lib/request.js:170:14)
24 verbose stack     at Request.self.callback (/usr/local/lib/node_modules/npm/node_modules/request/request.js:360:22)
24 verbose stack     at Request.emit (events.js:110:17)
24 verbose stack     at Request.<anonymous> (/usr/local/lib/node_modules/npm/node_modules/request/request.js:1202:14)
24 verbose stack     at Request.emit (events.js:129:20)
24 verbose stack     at IncomingMessage.<anonymous> (/usr/local/lib/node_modules/npm/node_modules/request/request.js:1150:12)
24 verbose stack     at IncomingMessage.emit (events.js:129:20)
24 verbose stack     at _stream_readable.js:908:16
24 verbose stack     at process._tickCallback (node.js:355:11)
25 verbose statusCode 404
26 verbose pkgid angular-file-uploader
27 verbose cwd /Users/andela/Desktop/Bisoye/Projects/hairven-API
28 error Darwin 14.0.0
29 error argv "node" "/usr/local/bin/npm" "install" "angular-file-uploader"
30 error node v0.12.2
31 error npm  v2.7.5
32 error code E404
33 error 404 Not Found: angular-file-uploader
33 error 404
33 error 404 'angular-file-uploader' is not in the npm registry.
33 error 404 You should bug the author to publish it (or use the name yourself!)
33 error 404 It was specified as a dependency of 'hairven'
33 error 404
33 error 404 Note that you can also install from a
33 error 404 tarball, folder, http url, or git url.
34 verbose exit [ 1, true ]
